0 info it worked if it ends with ok
1 verbose cli [ '/usr/local/bin/node', '/usr/local/bin/npm', 'run', 'test' ]
2 info using npm@3.9.2
3 info using node@v4.3.1
4 verbose run-script [ 'pretest', 'test', 'posttest' ]
5 info lifecycle simple-todos@~pretest: simple-todos@
6 silly lifecycle simple-todos@~pretest: no script for pretest, continuing
7 info lifecycle simple-todos@~test: simple-todos@
8 verbose lifecycle simple-todos@~test: unsafe-perm in lifecycle true
9 verbose lifecycle simple-todos@~test: PATH: /usr/local/lib/node_modules/npm/bin/node-gyp-bin:/Volumes/Ficheiro/Github/meteor-react-es6-web-chat/node_modules/.bin:/usr/local/bin:/Library/Java/JavaVirtualMachines/jdk1.8.0_73.jdk/Contents/Home:/Volumes/Ficheiro/Programas/apache-maven-3.1.1/bin:/Volumes/Ficheiro/Programas/apache-ant-1.9.7/bin:/Users/emir.liz/Library/Android/sdk/tools:/usr/local/bin:/usr/bin:/bin:/usr/sbin:/sbin:/opt/X11/bin/Volumes/Ficheiro/Github/angular-es6-github/src/components/repository/assets/styl/style.styl
10 verbose lifecycle simple-todos@~test: CWD: /Volumes/Ficheiro/Github/meteor-react-es6-web-chat
11 silly lifecycle simple-todos@~test: Args: [ '-c',
11 silly lifecycle   'meteor test --once --driver-package dispatch:mocha-phantomjs' ]
12 silly lifecycle simple-todos@~test: Returned: code: 2  signal: null
13 info lifecycle simple-todos@~test: Failed to exec test script
14 verbose stack Error: simple-todos@ test: `meteor test --once --driver-package dispatch:mocha-phantomjs`
14 verbose stack Exit status 2
14 verbose stack     at EventEmitter.<anonymous> (/usr/local/lib/node_modules/npm/lib/utils/lifecycle.js:245:16)
14 verbose stack     at emitTwo (events.js:87:13)
14 verbose stack     at EventEmitter.emit (events.js:172:7)
14 verbose stack     at ChildProcess.<anonymous> (/usr/local/lib/node_modules/npm/lib/utils/spawn.js:24:14)
14 verbose stack     at emitTwo (events.js:87:13)
14 verbose stack     at ChildProcess.emit (events.js:172:7)
14 verbose stack     at maybeClose (internal/child_process.js:821:16)
14 verbose stack     at Process.ChildProcess._handle.onexit (internal/child_process.js:211:5)
15 verbose pkgid simple-todos@
16 verbose cwd /Volumes/Ficheiro/Github/meteor-react-es6-web-chat
17 error Darwin 15.6.0
18 error argv "/usr/local/bin/node" "/usr/local/bin/npm" "run" "test"
19 error node v4.3.1
20 error npm  v3.9.2
21 error code ELIFECYCLE
22 error simple-todos@ test: `meteor test --once --driver-package dispatch:mocha-phantomjs`
22 error Exit status 2
23 error Failed at the simple-todos@ test script 'meteor test --once --driver-package dispatch:mocha-phantomjs'.
23 error Make sure you have the latest version of node.js and npm installed.
23 error If you do, this is most likely a problem with the simple-todos package,
23 error not with npm itself.
23 error Tell the author that this fails on your system:
23 error     meteor test --once --driver-package dispatch:mocha-phantomjs
23 error You can get information on how to open an issue for this project with:
23 error     npm bugs simple-todos
23 error Or if that isn't available, you can get their info via:
23 error     npm owner ls simple-todos
23 error There is likely additional logging output above.
24 verbose exit [ 1, true ]
